{
  "RSpec": {
    "coverage": {
      "D:/Project/movie_explorer_ror_abhinav/app/controllers/application_controller.rb": {
        "lines": [
          1,
          1,
          null,
          1,
          null,
          1,
          26,
          null,
          26,
          8,
          8,
          null,
          null,
          18,
          null,
          18,
          18,
          18,
          null,
          18,
          0,
          0,
          null,
          null,
          18,
          18,
          18,
          null,
          0,
          null,
          0,
          0,
          null,
          null,
          null,
          1,
          null,
          1,
          40,
          null,
          null
        ]
      },
      "D:/Project/movie_explorer_ror_abhinav/app/helpers/application_helper.rb": {
        "lines": [
          1,
          null
        ]
      },
      "D:/Project/movie_explorer_ror_abhinav/app/helpers/api/v1/subscriptions_helper.rb": {
        "lines": [
          1,
          null
        ]
      },
      "D:/Project/movie_explorer_ror_abhinav/app/models/admin_user.rb": {
        "lines": [
          1,
          1,
          null,
          null,
          1,
          0,
          null,
          null
        ]
      },
      "D:/Project/movie_explorer_ror_abhinav/app/models/application_record.rb": {
        "lines": [
          1,
          1,
          null
        ]
      },
      "D:/Project/movie_explorer_ror_abhinav/app/admin/admin_users.rb": {
        "lines": [
          1,
          1,
          null,
          1,
          0,
          0,
          0,
          0,
          0,
          0,
          0,
          null,
          null,
          1,
          1,
          1,
          1,
          null,
          1,
          0,
          0,
          0,
          0,
          null,
          0,
          null,
          null,
          null
        ]
      },
      "D:/Project/movie_explorer_ror_abhinav/app/admin/dashboard.rb": {
        "lines": [
          1,
          1,
          null,
          1,
          0,
          null,
          0,
          0,
          0,
          0,
          0,
          0,
          null,
          null,
          null,
          null,
          null,
          0,
          0,
          0,
          0,
          null,
          null,
          null,
          null,
          0,
          0,
          0,
          0,
          0,
          0,
          0,
          0,
          0,
          0,
          null,
          null,
          null,
          null,
          0,
          0,
          0,
          0,
          0,
          0,
          0,
          0,
          0,
          null,
          null,
          null,
          null,
          null,
          null
        ]
      },
      "D:/Project/movie_explorer_ror_abhinav/app/admin/movies.rb": {
        "lines": [
          1,
          1,
          null,
          1,
          0,
          0,
          0,
          0,
          0,
          0,
          0,
          0,
          0,
          0,
          0,
          0,
          0,
          0,
          0,
          null,
          0,
          null,
          null,
          0,
          0,
          0,
          null,
          0,
          null,
          null,
          0,
          0,
          null,
          0,
          0,
          null,
          0,
          null,
          null,
          1,
          1,
          1,
          1,
          1,
          1,
          1,
          1,
          1,
          null,
          1,
          0,
          0,
          0,
          0,
          0,
          0,
          0,
          0,
          0,
          0,
          0,
          0,
          0,
          null,
          0,
          null,
          null
        ]
      },
      "D:/Project/movie_explorer_ror_abhinav/app/models/movie.rb": {
        "lines": [
          1,
          1,
          1,
          null,
          1,
          1,
          1,
          1,
          1,
          1,
          1,
          1,
          1,
          1,
          1,
          null,
          3,
          1,
          null,
          1,
          52,
          null,
          null,
          1,
          52,
          null,
          null,
          1,
          null,
          1,
          48,
          1,
          null,
          null,
          null,
          1,
          48,
          1,
          null,
          null,
          null,
          1,
          0,
          null,
          null,
          1,
          0,
          null,
          null
        ]
      },
      "D:/Project/movie_explorer_ror_abhinav/app/admin/subscriptions.rb": {
        "lines": [
          1,
          1,
          null,
          1,
          0,
          0,
          0,
          0,
          null,
          0,
          0,
          0,
          0,
          0,
          0,
          null,
          null,
          1,
          1,
          1,
          1,
          null,
          1,
          0,
          0,
          0,
          0,
          0,
          0,
          0,
          null,
          0,
          null,
          null
        ]
      },
      "D:/Project/movie_explorer_ror_abhinav/app/models/subscription.rb": {
        "lines": [
          1,
          1,
          null,
          1,
          1,
          null,
          1,
          1,
          null,
          3,
          3,
          null,
          1,
          1,
          null,
          null,
          1,
          1,
          null,
          null
        ]
      },
      "D:/Project/movie_explorer_ror_abhinav/app/admin/users.rb": {
        "lines": [
          1,
          1,
          null,
          1,
          0,
          0,
          0,
          0,
          0,
          0,
          0,
          null,
          null,
          1,
          0,
          0,
          0,
          0,
          0,
          0,
          0,
          null,
          0,
          null,
          null,
          1,
          1,
          null
        ]
      },
      "D:/Project/movie_explorer_ror_abhinav/app/models/user.rb": {
        "lines": [
          1,
          1,
          1,
          1,
          null,
          1,
          null,
          null,
          1,
          null,
          1,
          1,
          1,
          null,
          1,
          1,
          null,
          1,
          26,
          null,
          null,
          1,
          0,
          null,
          1,
          0,
          null,
          null,
          1,
          null,
          40,
          40,
          0,
          0,
          null,
          null,
          null
        ]
      },
      "D:/Project/movie_explorer_ror_abhinav/app/serializers/movie_serializer.rb": {
        "lines": [
          1,
          1,
          null,
          1,
          0,
          0,
          null,
          null,
          null,
          null,
          null,
          1,
          0,
          0,
          null,
          null,
          null,
          null,
          null
        ]
      },
      "D:/Project/movie_explorer_ror_abhinav/app/controllers/api/v1/movies_controller.rb": {
        "lines": [
          1,
          1,
          1,
          1,
          1,
          1,
          null,
          1,
          4,
          null,
          4,
          2,
          null,
          null,
          4,
          1,
          null,
          null,
          4,
          null,
          4,
          1,
          null,
          15,
          3,
          null,
          null,
          null,
          null,
          null,
          null,
          null,
          null,
          null,
          null,
          null,
          1,
          2,
          2,
          1,
          null,
          1,
          null,
          null,
          null,
          1,
          2,
          2,
          null,
          2,
          1,
          1,
          null,
          null,
          null,
          null,
          1,
          null,
          null,
          null,
          1,
          3,
          3,
          1,
          null,
          2,
          2,
          1,
          null,
          1,
          null,
          null,
          null,
          null,
          1,
          2,
          2,
          1,
          1,
          1,
          null,
          1,
          null,
          null,
          null,
          1,
          null,
          1,
          4,
          null,
          null,
          null,
          null,
          null,
          1,
          4,
          0,
          null,
          null,
          4,
          0,
          null,
          null,
          null,
          1,
          10,
          3,
          null,
          null,
          null,
          1,
          0,
          0,
          null,
          0,
          0,
          0,
          0,
          0,
          0,
          0,
          null,
          0,
          0,
          null,
          null,
          1,
          1,
          1,
          0,
          null,
          0,
          0,
          null,
          null,
          null,
          null,
          null,
          0,
          null,
          null,
          null,
          null,
          null
        ]
      },
      "D:/Project/movie_explorer_ror_abhinav/app/services/fcm_service.rb": {
        "lines": [
          1,
          1,
          1,
          1,
          null,
          1,
          1,
          0,
          0,
          null,
          0,
          null,
          0,
          null,
          null,
          null,
          null,
          null,
          1,
          0,
          0,
          null,
          null,
          0,
          null,
          0,
          0,
          null,
          0,
          null,
          0,
          null,
          null,
          null,
          0,
          null,
          0,
          null,
          null,
          null,
          null,
          null,
          null,
          null,
          null,
          null,
          0,
          null,
          0,
          null,
          null,
          null,
          0,
          0,
          null,
          null,
          null,
          0,
          null,
          null,
          1,
          null,
          1,
          null
        ]
      },
      "D:/Project/movie_explorer_ror_abhinav/app/models/jwt_blacklist.rb": {
        "lines": [
          1,
          1,
          null,
          1,
          0,
          null,
          null,
          1,
          0,
          null,
          null
        ]
      },
      "D:/Project/movie_explorer_ror_abhinav/app/controllers/api/v1/subscriptions_controller.rb": {
        "lines": [
          1,
          1,
          1,
          null,
          1,
          2,
          2,
          2,
          1,
          null,
          1,
          null,
          0,
          null,
          0,
          null,
          null,
          1,
          null,
          null,
          null,
          null,
          null,
          null,
          null,
          null,
          null,
          null,
          null,
          null,
          1,
          null,
          null,
          null,
          1,
          2,
          2,
          null,
          2,
          1,
          1,
          null,
          1,
          null,
          0,
          null,
          0,
          null,
          1,
          1,
          null,
          1,
          null,
          null,
          null,
          1,
          0,
          null,
          null,
          1,
          1,
          null,
          1,
          0,
          0,
          null,
          null,
          1,
          0,
          0,
          null,
          1,
          null,
          null,
          null,
          1,
          0,
          0,
          null,
          null,
          1,
          0,
          null,
          null
        ]
      },
      "D:/Project/movie_explorer_ror_abhinav/app/controllers/users/registrations_controller.rb": {
        "lines": [
          null,
          1,
          1,
          1,
          1,
          null,
          1,
          2,
          2,
          2,
          2,
          2,
          1,
          1,
          1,
          null,
          null,
          null,
          null,
          null,
          null,
          0,
          null,
          null,
          1,
          null,
          null,
          null,
          1,
          null,
          1,
          2,
          null,
          null
        ]
      },
      "D:/Project/movie_explorer_ror_abhinav/app/controllers/users/sessions_controller.rb": {
        "lines": [
          1,
          1,
          1,
          1,
          1,
          null,
          1,
          2,
          2,
          1,
          1,
          1,
          null,
          null,
          1,
          2,
          null,
          2,
          1,
          1,
          null,
          null,
          1,
          null,
          1,
          1,
          1,
          1,
          null,
          1,
          1,
          0,
          0,
          null,
          null,
          1,
          1,
          1,
          1,
          null,
          0,
          null,
          0,
          0,
          null,
          null,
          null,
          1,
          null,
          1,
          1,
          1,
          null,
          null,
          null,
          null,
          null,
          null,
          0,
          null,
          null,
          null
        ]
      },
      "D:/Project/movie_explorer_ror_abhinav/app/controllers/api/v1/users_controller.rb": {
        "lines": [
          1,
          1,
          1,
          1,
          1,
          null,
          1,
          1,
          1,
          null,
          null,
          null,
          null,
          null,
          null,
          null,
          0,
          null,
          null,
          null,
          1,
          2,
          1,
          null,
          1,
          null,
          null,
          null,
          1,
          2,
          1,
          null,
          1,
          null,
          null,
          1,
          null,
          1,
          0,
          null,
          1,
          2,
          null,
          null,
          null,
          null
        ]
      },
      "D:/Project/movie_explorer_ror_abhinav/app/channels/application_cable/channel.rb": {
        "lines": [
          0,
          0,
          0,
          0
        ],
        "branches": {}
      },
      "D:/Project/movie_explorer_ror_abhinav/app/channels/application_cable/connection.rb": {
        "lines": [
          0,
          0,
          0,
          0
        ],
        "branches": {}
      },
      "D:/Project/movie_explorer_ror_abhinav/app/jobs/application_job.rb": {
        "lines": [
          0,
          null,
          null,
          null,
          null,
          null,
          0
        ],
        "branches": {}
      },
      "D:/Project/movie_explorer_ror_abhinav/app/mailers/application_mailer.rb": {
        "lines": [
          0,
          0,
          0,
          0
        ],
        "branches": {}
      },
      "D:/Project/movie_explorer_ror_abhinav/app/models/ability.rb": {
        "lines": [
          0,
          0,
          null,
          0,
          0,
          null,
          0,
          0,
          0,
          0,
          0,
          0,
          0,
          0,
          0
        ],
        "branches": {}
      }
    },
    "timestamp": 1747111182
  }
}
